<?xml version="1.0" encoding="UTF-8"?>
<!-- Generated by org.testng.reporters.JUnitReportReporter -->
<testsuite skipped="0" hostname="LTIN217455" name="com.leaftabs.ui.testcases.TC001_CreateLead" tests="2" failures="0" timestamp="03 Apr 2022 06:39:12 GMT" time="49.542" errors="0">
  <testcase name="runTC001" time="23.162" classname="com.leaftabs.ui.testcases.TC001_CreateLead"/>
  <testcase name="runTC001" time="26.380" classname="com.leaftabs.ui.testcases.TC001_CreateLead"/>
</testsuite> <!-- com.leaftabs.ui.testcases.TC001_CreateLead -->
